<?xml version="1.0" encoding="UTF-8"?>
<testng-results ignored="0" total="1" passed="0" failed="1" skipped="0">
  <reporter-output>
  </reporter-output>
  <suite started-at="2025-03-02T22:03:03 IST" name="Default suite" finished-at="2025-03-02T22:03:03 IST" duration-ms="310">
    <groups>
      <group name="cucumber">
        <method signature="AbstractTestNGCucumberTests.runScenario(io.cucumber.testng.PickleWrapper,io.cucumber.testng.FeatureWrapper)[pri:0, instance:cucumber.TestNGTestRunner@76508ed1]" name="runScenario" class="io.cucumber.testng.AbstractTestNGCucumberTests"/>
      </group> <!-- cucumber -->
    </groups>
    <test started-at="2025-03-02T22:03:03 IST" name="Default test" finished-at="2025-03-02T22:03:03 IST" duration-ms="310">
      <class name="cucumber.TestNGTestRunner">
        <test-method is-config="true" signature="setUpClass(org.testng.ITestContext)[pri:0, instance:cucumber.TestNGTestRunner@76508ed1]" started-at="2025-03-02T22:03:03 IST" name="setUpClass" finished-at="2025-03-02T22:03:03 IST" duration-ms="235" status="PASS">
          <params>
            <param index="0">
              <value>
                <![CDATA[org.testng.TestRunner@32cb636e]]>
              </value>
            </param>
          </params>
          <reporter-output>
          </reporter-output>
        </test-method> <!-- setUpClass -->
        <test-method signature="runScenario(io.cucumber.testng.PickleWrapper,io.cucumber.testng.FeatureWrapper)[pri:0, instance:cucumber.TestNGTestRunner@76508ed1]" started-at="2025-03-02T22:03:03 IST" name="runScenario" description="Runs Cucumber Scenarios" data-provider="scenarios" finished-at="2025-03-02T22:03:03 IST" duration-ms="49" status="FAIL">
          <params>
            <param index="0">
              <value>
                <![CDATA["Postivite Test Case for Submitting the order"]]>
              </value>
            </param>
            <param index="1">
              <value>
                <![CDATA["Purchase order from ECom page"]]>
              </value>
            </param>
          </params>
          <exception class="java.lang.NullPointerException">
            <message>
              <![CDATA[Cannot invoke "SeleniumFramework_PageObjectModel.LoginPage.loginApplication(String, String)" because "this.login" is null]]>
            </message>
            <full-stacktrace>
              <![CDATA[java.lang.NullPointerException: Cannot invoke "SeleniumFramework_PageObjectModel.LoginPage.loginApplication(String, String)" because "this.login" is null
at SeleniumFramework.stepDefination.StepDefinationImpl.login_to_the_e_com_page_by_using_username_and_password(StepDefinationImpl.java:35)
at ✽.login to the ECom page by using username prajna@gmail.com and password Lipa@0811(file:///Users/prajna.nayak/Documents/eclipse-workspace/SeleniumFrame_Work/src/test/java/cucumber/purches.feature:11)
]]>
            </full-stacktrace>
          </exception> <!-- java.lang.NullPointerException -->
          <reporter-output>
          </reporter-output>
        </test-method> <!-- runScenario -->
        <test-method is-config="true" signature="tearDownClass()[pri:0, instance:cucumber.TestNGTestRunner@76508ed1]" started-at="2025-03-02T22:03:03 IST" name="tearDownClass" finished-at="2025-03-02T22:03:03 IST" duration-ms="13" status="PASS">
          <reporter-output>
          </reporter-output>
        </test-method> <!-- tearDownClass -->
      </class> <!-- cucumber.TestNGTestRunner -->
    </test> <!-- Default test -->
  </suite> <!-- Default suite -->
</testng-results>
