<?xml version="1.0" encoding="UTF-8"?>
<!-- Generated by org.testng.reporters.JUnitReportReporter -->
<testsuite hostname="LM0003764" failures="0" tests="1" name="cucumber.TestNGTestRunner" time="0.049" errors="1" timestamp="2025-03-02T22:03:03 IST" skipped="0">
  <testcase classname="cucumber.TestNGTestRunner" name="runScenario" time="0.049">
    <error message="Cannot invoke &quot;SeleniumFramework_PageObjectModel.LoginPage.loginApplication(String, String)&quot; because &quot;this.login&quot; is null" type="java.lang.NullPointerException">
      <![CDATA[java.lang.NullPointerException: Cannot invoke "SeleniumFramework_PageObjectModel.LoginPage.loginApplication(String, String)" because "this.login" is null
at SeleniumFramework.stepDefination.StepDefinationImpl.login_to_the_e_com_page_by_using_username_and_password(StepDefinationImpl.java:35)
at ✽.login to the ECom page by using username prajna@gmail.com and password Lipa@0811(file:///Users/prajna.nayak/Documents/eclipse-workspace/SeleniumFrame_Work/src/test/java/cucumber/purches.feature:11)
]]>
    </error>
  </testcase> <!-- runScenario -->
  <system-out/>
</testsuite> <!-- cucumber.TestNGTestRunner -->
